<?xml version="1.0" encoding="UTF-8"?>
<testsuite xmlns:xsi="http://www.w3.org/2001/XMLSchema-instance" xsi:noNamespaceSchemaLocation="https://maven.apache.org/surefire/maven-surefire-plugin/xsd/surefire-test-report-3.0.xsd" version="3.0" name="com.kidsbank.KidsBankTest" time="0.171" tests="21" errors="0" skipped="0" failures="0">
  <properties>
[...]
</properties>
  <testcase name="testRegisterChild" classname="com.kidsbank.KidsBankTest" time="0.053"/>
  <testcase name="testRegisterParent" classname="com.kidsbank.KidsBankTest" time="0.004"/>
  <testcase name="testLoginSuccess" classname="com.kidsbank.KidsBankTest" time="0.003"/>
  <testcase name="testLoginWrongPin" classname="com.kidsbank.KidsBankTest" time="0.002"/>
  <testcase name="testLoginUserNotFound" classname="com.kidsbank.KidsBankTest" time="0.001"/>
  <testcase name="testRegisterDuplicateThrows" classname="com.kidsbank.KidsBankTest" time="0.004"/>
  <testcase name="testInvalidPinFormatThrows" classname="com.kidsbank.KidsBankTest" time="0.001"/>
  <testcase name="testCreateAccount" classname="com.kidsbank.KidsBankTest" time="0.013"/>
  <testcase name="testDeposit" classname="com.kidsbank.KidsBankTest" time="0.012"/>
  <testcase name="testWithdraw" classname="com.kidsbank.KidsBankTest" time="0.005"/>
  <testcase name="testWithdrawInsufficientFunds" classname="com.kidsbank.KidsBankTest" time="0.01"/>
  <testcase name="testDepositNegativeThrows" classname="com.kidsbank.KidsBankTest" time="0.002"/>
  <testcase name="testTransactionHistoryNotEmpty" classname="com.kidsbank.KidsBankTest" time="0.005"/>
  <testcase name="testCreateTask" classname="com.kidsbank.KidsBankTest" time="0.004"/>
  <testcase name="testMarkTaskComplete" classname="com.kidsbank.KidsBankTest" time="0.004"/>
  <testcase name="testApproveTask" classname="com.kidsbank.KidsBankTest" time="0.004"/>
  <testcase name="testCreateTaskEmptyTitleThrows" classname="com.kidsbank.KidsBankTest" time="0.001"/>
  <testcase name="testCreateSavingsGoal" classname="com.kidsbank.KidsBankTest" time="0.002"/>
  <testcase name="testAddToGoal" classname="com.kidsbank.KidsBankTest" time="0.004"/>
  <testcase name="testGoalCompletionWhenTargetReached" classname="com.kidsbank.KidsBankTest" time="0.003"/>
  <testcase name="testGoalInvalidTargetThrows" classname="com.kidsbank.KidsBankTest" time="0.001"/>
</testsuite>